TN:
SF:server.js
FNF:0
FNH:0
DA:1,1
DA:2,1
DA:3,1
DA:4,1
DA:5,1
DA:6,1
DA:7,1
DA:8,1
DA:9,1
DA:10,1
DA:11,1
DA:12,1
DA:13,1
DA:14,1
DA:15,1
DA:16,1
DA:17,1
DA:18,1
DA:19,1
DA:20,1
DA:21,1
DA:22,0
DA:23,1
DA:24,1
DA:25,1
DA:26,1
DA:27,1
DA:28,1
DA:29,1
DA:30,1
DA:31,1
DA:32,1
DA:33,1
DA:34,1
LF:34
LH:33
BRF:0
BRH:0
end_of_record
TN:
SF:controllers\accountController.js
FN:3,Object.<anonymous>.exports.createAccount
FN:22,Object.<anonymous>.exports.getAccounts
FN:30,Object.<anonymous>.exports.getAccountById
FNF:3
FNH:2
FNDA:1,Object.<anonymous>.exports.createAccount
FNDA:1,Object.<anonymous>.exports.getAccounts
FNDA:0,Object.<anonymous>.exports.getAccountById
DA:1,1
DA:2,1
DA:3,1
DA:4,1
DA:5,1
DA:6,1
DA:7,1
DA:8,1
DA:9,1
DA:10,1
DA:11,1
DA:12,1
DA:13,1
DA:14,1
DA:15,1
DA:16,1
DA:17,1
DA:18,0
DA:19,0
DA:20,1
DA:21,1
DA:22,1
DA:23,1
DA:24,1
DA:25,1
DA:26,1
DA:27,0
DA:28,0
DA:29,1
DA:30,1
DA:31,0
DA:32,0
DA:33,0
DA:34,0
DA:35,0
DA:36,0
DA:37,0
DA:38,0
DA:39,0
DA:40,0
LF:40
LH:26
BRDA:3,0,0,1
BRDA:17,1,0,0
BRDA:22,2,0,1
BRDA:26,3,0,0
BRF:4
BRH:2
end_of_record
TN:
SF:controllers\transactionController.js
FN:3,Object.<anonymous>.exports.createTransaction
FN:31,Object.<anonymous>.exports.getTransactions
FN:40,Object.<anonymous>.exports.getTransactionById
FNF:3
FNH:3
FNDA:1,Object.<anonymous>.exports.createTransaction
FNDA:1,Object.<anonymous>.exports.getTransactions
FNDA:1,Object.<anonymous>.exports.getTransactionById
DA:1,1
DA:2,1
DA:3,1
DA:4,1
DA:5,1
DA:6,1
DA:7,1
DA:8,1
DA:9,1
DA:10,1
DA:11,1
DA:12,1
DA:13,1
DA:14,1
DA:15,1
DA:16,1
DA:17,1
DA:18,1
DA:19,1
DA:20,1
DA:21,1
DA:22,1
DA:23,1
DA:24,1
DA:25,1
DA:26,1
DA:27,0
DA:28,0
DA:29,1
DA:30,1
DA:31,1
DA:32,1
DA:33,1
DA:34,1
DA:35,1
DA:36,0
DA:37,0
DA:38,1
DA:39,1
DA:40,1
DA:41,1
DA:42,1
DA:43,1
DA:44,1
DA:45,1
DA:46,1
DA:47,1
DA:48,1
DA:49,1
DA:50,1
DA:51,1
DA:52,1
DA:53,0
DA:54,0
DA:55,1
LF:55
LH:49
BRDA:3,0,0,1
BRDA:26,1,0,0
BRDA:31,2,0,1
BRDA:35,3,0,0
BRDA:40,4,0,1
BRDA:52,5,0,0
BRF:6
BRH:3
end_of_record
TN:
SF:controllers\userController.js
FN:4,Object.<anonymous>.exports.createUser
FN:28,Object.<anonymous>.exports.getUsers
FN:37,Object.<anonymous>.exports.getUserById
FNF:3
FNH:3
FNDA:1,Object.<anonymous>.exports.createUser
FNDA:1,Object.<anonymous>.exports.getUsers
FNDA:1,Object.<anonymous>.exports.getUserById
DA:1,1
DA:2,1
DA:3,1
DA:4,1
DA:5,1
DA:6,1
DA:7,1
DA:8,1
DA:9,1
DA:10,1
DA:11,1
DA:12,1
DA:13,1
DA:14,1
DA:15,1
DA:16,1
DA:17,1
DA:18,1
DA:19,1
DA:20,1
DA:21,1
DA:22,1
DA:23,0
DA:24,0
DA:25,0
DA:26,1
DA:27,1
DA:28,1
DA:29,1
DA:30,1
DA:31,1
DA:32,1
DA:33,1
DA:34,1
DA:35,1
DA:36,1
DA:37,1
DA:38,1
DA:39,1
DA:40,1
DA:41,1
DA:42,1
DA:43,1
DA:44,1
LF:44
LH:41
BRDA:4,0,0,1
BRDA:22,1,0,0
BRDA:28,2,0,1
BRDA:37,3,0,1
BRF:4
BRH:3
end_of_record
TN:
SF:middleware\errorHandler.js
FN:1,Object.<anonymous>.module.exports
FNF:1
FNH:0
FNDA:0,Object.<anonymous>.module.exports
DA:1,1
DA:2,0
DA:3,0
DA:4,0
DA:5,0
DA:6,0
LF:6
LH:1
BRF:0
BRH:0
end_of_record
TN:
SF:routes\accountRoutes.js
FNF:0
FNH:0
DA:1,1
DA:2,1
DA:3,1
DA:4,1
DA:5,1
DA:6,1
DA:7,1
DA:8,1
DA:9,1
LF:9
LH:9
BRF:0
BRH:0
end_of_record
TN:
SF:routes\transactionRoutes.js
FNF:0
FNH:0
DA:1,1
DA:2,1
DA:3,1
DA:4,1
DA:5,1
DA:6,1
DA:7,1
DA:8,1
DA:9,1
LF:9
LH:9
BRF:0
BRH:0
end_of_record
TN:
SF:routes\userRoutes.js
FNF:0
FNH:0
DA:1,1
DA:2,1
DA:3,1
DA:4,1
DA:5,1
DA:6,1
DA:7,1
DA:8,1
DA:9,1
LF:9
LH:9
BRF:0
BRH:0
end_of_record
TN:
SF:test\prismaClient.js
FNF:0
FNH:0
DA:1,1
DA:2,1
DA:3,1
LF:3
LH:3
BRF:0
BRH:0
end_of_record
